[0.044s] Invoking command in '/robots_HW/TASK_7/slam_custom/build/gazebo_controller_pkg': CMAKE_PREFIX_PATH=${CMAKE_PREFIX_PATH}:/opt/ros/jazzy /usr/bin/cmake --build /robots_HW/TASK_7/slam_custom/build/gazebo_controller_pkg -- -j12 -l12
[0.168s] Invoked command in '/robots_HW/TASK_7/slam_custom/build/gazebo_controller_pkg' returned '0': CMAKE_PREFIX_PATH=${CMAKE_PREFIX_PATH}:/opt/ros/jazzy /usr/bin/cmake --build /robots_HW/TASK_7/slam_custom/build/gazebo_controller_pkg -- -j12 -l12
[0.183s] Invoking command in '/robots_HW/TASK_7/slam_custom/build/gazebo_controller_pkg': CMAKE_PREFIX_PATH=${CMAKE_PREFIX_PATH}:/opt/ros/jazzy /usr/bin/cmake --install /robots_HW/TASK_7/slam_custom/build/gazebo_controller_pkg
[0.200s] -- Install configuration: ""
[0.200s] -- Installing: /robots_HW/TASK_7/slam_custom/install/gazebo_controller_pkg/lib/gazebo_controller_pkg/slam_custom.py
[0.200s] -- Up-to-date: /robots_HW/TASK_7/slam_custom/install/gazebo_controller_pkg/share/ament_index/resource_index/package_run_dependencies/gazebo_controller_pkg
[0.200s] -- Up-to-date: /robots_HW/TASK_7/slam_custom/install/gazebo_controller_pkg/share/ament_index/resource_index/parent_prefix_path/gazebo_controller_pkg
[0.200s] -- Up-to-date: /robots_HW/TASK_7/slam_custom/install/gazebo_controller_pkg/share/gazebo_controller_pkg/environment/ament_prefix_path.sh
[0.200s] -- Up-to-date: /robots_HW/TASK_7/slam_custom/install/gazebo_controller_pkg/share/gazebo_controller_pkg/environment/ament_prefix_path.dsv
[0.201s] -- Up-to-date: /robots_HW/TASK_7/slam_custom/install/gazebo_controller_pkg/share/gazebo_controller_pkg/environment/path.sh
[0.201s] -- Up-to-date: /robots_HW/TASK_7/slam_custom/install/gazebo_controller_pkg/share/gazebo_controller_pkg/environment/path.dsv
[0.201s] -- Up-to-date: /robots_HW/TASK_7/slam_custom/install/gazebo_controller_pkg/share/gazebo_controller_pkg/local_setup.bash
[0.201s] -- Up-to-date: /robots_HW/TASK_7/slam_custom/install/gazebo_controller_pkg/share/gazebo_controller_pkg/local_setup.sh
[0.201s] -- Up-to-date: /robots_HW/TASK_7/slam_custom/install/gazebo_controller_pkg/share/gazebo_controller_pkg/local_setup.zsh
[0.201s] -- Up-to-date: /robots_HW/TASK_7/slam_custom/install/gazebo_controller_pkg/share/gazebo_controller_pkg/local_setup.dsv
[0.201s] -- Installing: /robots_HW/TASK_7/slam_custom/install/gazebo_controller_pkg/share/gazebo_controller_pkg/package.dsv
[0.201s] -- Up-to-date: /robots_HW/TASK_7/slam_custom/install/gazebo_controller_pkg/share/ament_index/resource_index/packages/gazebo_controller_pkg
[0.202s] -- Up-to-date: /robots_HW/TASK_7/slam_custom/install/gazebo_controller_pkg/share/gazebo_controller_pkg/cmake/gazebo_controller_pkgConfig.cmake
[0.202s] -- Up-to-date: /robots_HW/TASK_7/slam_custom/install/gazebo_controller_pkg/share/gazebo_controller_pkg/cmake/gazebo_controller_pkgConfig-version.cmake
[0.202s] -- Up-to-date: /robots_HW/TASK_7/slam_custom/install/gazebo_controller_pkg/share/gazebo_controller_pkg/package.xml
[0.204s] Invoked command in '/robots_HW/TASK_7/slam_custom/build/gazebo_controller_pkg' returned '0': CMAKE_PREFIX_PATH=${CMAKE_PREFIX_PATH}:/opt/ros/jazzy /usr/bin/cmake --install /robots_HW/TASK_7/slam_custom/build/gazebo_controller_pkg
