[0.051s] Invoking command in '/robots_HW/TASK_7/slam_custom/build/gazebo_controller_pkg': CMAKE_PREFIX_PATH=${CMAKE_PREFIX_PATH}:/opt/ros/jazzy /usr/bin/cmake /robots_HW/TASK_7/slam_custom -DCMAKE_INSTALL_PREFIX=/robots_HW/TASK_7/slam_custom/install/gazebo_controller_pkg
[0.299s] -- The C compiler identification is GNU 13.3.0
[0.435s] -- The CXX compiler identification is GNU 13.3.0
[0.463s] -- Detecting C compiler ABI info
[0.758s] -- Detecting C compiler ABI info - done
[0.778s] -- Check for working C compiler: /usr/bin/cc - skipped
[0.778s] -- Detecting C compile features
[0.780s] -- Detecting C compile features - done
[0.796s] -- Detecting CXX compiler ABI info
[1.017s] -- Detecting CXX compiler ABI info - done
[1.034s] -- Check for working CXX compiler: /usr/bin/c++ - skipped
[1.035s] -- Detecting CXX compile features
[1.036s] -- Detecting CXX compile features - done
[1.043s] -- Found ament_cmake: 2.5.5 (/opt/ros/jazzy/share/ament_cmake/cmake)
[1.307s] -- Found Python3: /usr/bin/python3 (found version "3.12.3") found components: Interpreter 
[1.613s] -- Found rclpy: 7.1.9 (/opt/ros/jazzy/share/rclpy/cmake)
[1.621s] -- Found sensor_msgs: 5.3.6 (/opt/ros/jazzy/share/sensor_msgs/cmake)
[1.746s] -- Found rosidl_generator_c: 4.6.7 (/opt/ros/jazzy/share/rosidl_generator_c/cmake)
[1.786s] -- Found rosidl_generator_cpp: 4.6.7 (/opt/ros/jazzy/share/rosidl_generator_cpp/cmake)
[1.834s] -- Using all available rosidl_typesupport_c: rosidl_typesupport_fastrtps_c;rosidl_typesupport_introspection_c
[1.887s] -- Using all available rosidl_typesupport_cpp: rosidl_typesupport_fastrtps_cpp;rosidl_typesupport_introspection_cpp
[2.120s] -- Found nav_msgs: 5.3.6 (/opt/ros/jazzy/share/nav_msgs/cmake)
[2.343s] -- Configuring done (2.3s)
[2.367s] -- Generating done (0.0s)
[2.384s] -- Build files have been written to: /robots_HW/TASK_7/slam_custom/build/gazebo_controller_pkg
[2.399s] Invoked command in '/robots_HW/TASK_7/slam_custom/build/gazebo_controller_pkg' returned '0': CMAKE_PREFIX_PATH=${CMAKE_PREFIX_PATH}:/opt/ros/jazzy /usr/bin/cmake /robots_HW/TASK_7/slam_custom -DCMAKE_INSTALL_PREFIX=/robots_HW/TASK_7/slam_custom/install/gazebo_controller_pkg
[2.402s] Invoking command in '/robots_HW/TASK_7/slam_custom/build/gazebo_controller_pkg': CMAKE_PREFIX_PATH=${CMAKE_PREFIX_PATH}:/opt/ros/jazzy /usr/bin/cmake --build /robots_HW/TASK_7/slam_custom/build/gazebo_controller_pkg -- -j12 -l12
[2.510s] Invoked command in '/robots_HW/TASK_7/slam_custom/build/gazebo_controller_pkg' returned '0': CMAKE_PREFIX_PATH=${CMAKE_PREFIX_PATH}:/opt/ros/jazzy /usr/bin/cmake --build /robots_HW/TASK_7/slam_custom/build/gazebo_controller_pkg -- -j12 -l12
[2.526s] Invoking command in '/robots_HW/TASK_7/slam_custom/build/gazebo_controller_pkg': CMAKE_PREFIX_PATH=${CMAKE_PREFIX_PATH}:/opt/ros/jazzy /usr/bin/cmake --install /robots_HW/TASK_7/slam_custom/build/gazebo_controller_pkg
[2.545s] -- Install configuration: ""
[2.546s] -- Installing: /robots_HW/TASK_7/slam_custom/install/gazebo_controller_pkg/lib/gazebo_controller_pkg/slam_custom.py
[2.552s] -- Installing: /robots_HW/TASK_7/slam_custom/install/gazebo_controller_pkg/share/ament_index/resource_index/package_run_dependencies/gazebo_controller_pkg
[2.552s] -- Installing: /robots_HW/TASK_7/slam_custom/install/gazebo_controller_pkg/share/ament_index/resource_index/parent_prefix_path/gazebo_controller_pkg
[2.552s] -- Installing: /robots_HW/TASK_7/slam_custom/install/gazebo_controller_pkg/share/gazebo_controller_pkg/environment/ament_prefix_path.sh
[2.552s] -- Installing: /robots_HW/TASK_7/slam_custom/install/gazebo_controller_pkg/share/gazebo_controller_pkg/environment/ament_prefix_path.dsv
[2.552s] -- Installing: /robots_HW/TASK_7/slam_custom/install/gazebo_controller_pkg/share/gazebo_controller_pkg/environment/path.sh
[2.552s] -- Installing: /robots_HW/TASK_7/slam_custom/install/gazebo_controller_pkg/share/gazebo_controller_pkg/environment/path.dsv
[2.552s] -- Installing: /robots_HW/TASK_7/slam_custom/install/gazebo_controller_pkg/share/gazebo_controller_pkg/local_setup.bash
[2.552s] -- Installing: /robots_HW/TASK_7/slam_custom/install/gazebo_controller_pkg/share/gazebo_controller_pkg/local_setup.sh
[2.553s] -- Installing: /robots_HW/TASK_7/slam_custom/install/gazebo_controller_pkg/share/gazebo_controller_pkg/local_setup.zsh
[2.553s] -- Installing: /robots_HW/TASK_7/slam_custom/install/gazebo_controller_pkg/share/gazebo_controller_pkg/local_setup.dsv
[2.553s] -- Installing: /robots_HW/TASK_7/slam_custom/install/gazebo_controller_pkg/share/gazebo_controller_pkg/package.dsv
[2.553s] -- Installing: /robots_HW/TASK_7/slam_custom/install/gazebo_controller_pkg/share/ament_index/resource_index/packages/gazebo_controller_pkg
[2.553s] -- Installing: /robots_HW/TASK_7/slam_custom/install/gazebo_controller_pkg/share/gazebo_controller_pkg/cmake/gazebo_controller_pkgConfig.cmake
[2.553s] -- Installing: /robots_HW/TASK_7/slam_custom/install/gazebo_controller_pkg/share/gazebo_controller_pkg/cmake/gazebo_controller_pkgConfig-version.cmake
[2.553s] -- Installing: /robots_HW/TASK_7/slam_custom/install/gazebo_controller_pkg/share/gazebo_controller_pkg/package.xml
[2.560s] Invoked command in '/robots_HW/TASK_7/slam_custom/build/gazebo_controller_pkg' returned '0': CMAKE_PREFIX_PATH=${CMAKE_PREFIX_PATH}:/opt/ros/jazzy /usr/bin/cmake --install /robots_HW/TASK_7/slam_custom/build/gazebo_controller_pkg
