[0.012s] Invoking command in '/robots_HW/TASK_4/build/task_4': CMAKE_PREFIX_PATH=${CMAKE_PREFIX_PATH}:/opt/ros/jazzy /usr/bin/cmake /robots_HW/TASK_4/my_robot_pkg -DCMAKE_INSTALL_PREFIX=/robots_HW/TASK_4/install/task_4
[0.065s] -- The C compiler identification is GNU 13.3.0
[0.117s] -- The CXX compiler identification is GNU 13.3.0
[0.132s] -- Detecting C compiler ABI info
[0.219s] -- Detecting C compiler ABI info - done
[0.227s] -- Check for working C compiler: /usr/bin/cc - skipped
[0.228s] -- Detecting C compile features
[0.228s] -- Detecting C compile features - done
[0.237s] -- Detecting CXX compiler ABI info
[0.334s] -- Detecting CXX compiler ABI info - done
[0.343s] -- Check for working CXX compiler: /usr/bin/c++ - skipped
[0.343s] -- Detecting CXX compile features
[0.343s] -- Detecting CXX compile features - done
[0.348s] -- Found ament_cmake: 2.5.5 (/opt/ros/jazzy/share/ament_cmake/cmake)
[0.492s] -- Found Python3: /usr/bin/python3 (found version "3.12.3") found components: Interpreter 
[0.615s] -- Found rosidl_default_generators: 1.6.0 (/opt/ros/jazzy/share/rosidl_default_generators/cmake)
[0.624s] -- Using all available rosidl_typesupport_c: rosidl_typesupport_fastrtps_c;rosidl_typesupport_introspection_c
[0.694s] -- Using all available rosidl_typesupport_cpp: rosidl_typesupport_fastrtps_cpp;rosidl_typesupport_introspection_cpp
[0.754s] -- Found rosidl_adapter: 4.6.7 (/opt/ros/jazzy/share/rosidl_adapter/cmake)
[0.842s] -- Configuring done (0.8s)
[0.848s] -- Generating done (0.0s)
[0.850s] -- Build files have been written to: /robots_HW/TASK_4/build/task_4
[0.854s] Invoked command in '/robots_HW/TASK_4/build/task_4' returned '0': CMAKE_PREFIX_PATH=${CMAKE_PREFIX_PATH}:/opt/ros/jazzy /usr/bin/cmake /robots_HW/TASK_4/my_robot_pkg -DCMAKE_INSTALL_PREFIX=/robots_HW/TASK_4/install/task_4
[0.855s] Invoking command in '/robots_HW/TASK_4/build/task_4': CMAKE_PREFIX_PATH=${CMAKE_PREFIX_PATH}:/opt/ros/jazzy /usr/bin/cmake --build /robots_HW/TASK_4/build/task_4 -- -j12 -l12
[0.898s] Invoked command in '/robots_HW/TASK_4/build/task_4' returned '0': CMAKE_PREFIX_PATH=${CMAKE_PREFIX_PATH}:/opt/ros/jazzy /usr/bin/cmake --build /robots_HW/TASK_4/build/task_4 -- -j12 -l12
[0.909s] Invoking command in '/robots_HW/TASK_4/build/task_4': CMAKE_PREFIX_PATH=${CMAKE_PREFIX_PATH}:/opt/ros/jazzy /usr/bin/cmake --install /robots_HW/TASK_4/build/task_4
[0.918s] -- Install configuration: ""
[0.919s] -- Installing: /robots_HW/TASK_4/install/task_4/lib/task_4/publisher
[0.919s] -- Installing: /robots_HW/TASK_4/install/task_4/lib/task_4/subscriber
[0.920s] -- Installing: /robots_HW/TASK_4/install/task_4/share/ament_index/resource_index/package_run_dependencies/task_4
[0.920s] -- Installing: /robots_HW/TASK_4/install/task_4/share/ament_index/resource_index/parent_prefix_path/task_4
[0.921s] -- Installing: /robots_HW/TASK_4/install/task_4/share/task_4/environment/ament_prefix_path.sh
[0.921s] -- Installing: /robots_HW/TASK_4/install/task_4/share/task_4/environment/ament_prefix_path.dsv
[0.921s] -- Installing: /robots_HW/TASK_4/install/task_4/share/task_4/environment/path.sh
[0.921s] -- Installing: /robots_HW/TASK_4/install/task_4/share/task_4/environment/path.dsv
[0.921s] -- Installing: /robots_HW/TASK_4/install/task_4/share/task_4/local_setup.bash
[0.922s] -- Installing: /robots_HW/TASK_4/install/task_4/share/task_4/local_setup.sh
[0.922s] -- Installing: /robots_HW/TASK_4/install/task_4/share/task_4/local_setup.zsh
[0.922s] -- Installing: /robots_HW/TASK_4/install/task_4/share/task_4/local_setup.dsv
[0.922s] -- Installing: /robots_HW/TASK_4/install/task_4/share/task_4/package.dsv
[0.922s] -- Installing: /robots_HW/TASK_4/install/task_4/share/ament_index/resource_index/packages/task_4
[0.923s] -- Installing: /robots_HW/TASK_4/install/task_4/share/task_4/cmake/ament_cmake_export_dependencies-extras.cmake
[0.923s] -- Installing: /robots_HW/TASK_4/install/task_4/share/task_4/cmake/task_4Config.cmake
[0.923s] -- Installing: /robots_HW/TASK_4/install/task_4/share/task_4/cmake/task_4Config-version.cmake
[0.923s] -- Installing: /robots_HW/TASK_4/install/task_4/share/task_4/package.xml
[0.925s] Invoked command in '/robots_HW/TASK_4/build/task_4' returned '0': CMAKE_PREFIX_PATH=${CMAKE_PREFIX_PATH}:/opt/ros/jazzy /usr/bin/cmake --install /robots_HW/TASK_4/build/task_4
