[0.107s] DEBUG:colcon:Command line arguments: ['/usr/bin/colcon', 'build']
[0.107s] DEBUG:colcon:Parsed command line arguments: Namespace(log_base=None, log_level=None, verb_name='build', build_base='build', install_base='install', merge_install=False, symlink_install=False, test_result_base=None, continue_on_error=False, executor='parallel', parallel_workers=12, event_handlers=None, ignore_user_meta=False, metas=['./colcon.meta'], base_paths=['.'], packages_ignore=None, packages_ignore_regex=None, paths=None, packages_up_to=None, packages_up_to_regex=None, packages_above=None, packages_above_and_dependencies=None, packages_above_depth=None, packages_select_by_dep=None, packages_skip_by_dep=None, packages_skip_up_to=None, packages_select_build_failed=False, packages_skip_build_finished=False, packages_select_test_failures=False, packages_skip_test_passed=False, packages_select=None, packages_skip=None, packages_select_regex=None, packages_skip_regex=None, packages_start=None, packages_end=None, cmake_args=None, cmake_target=None, cmake_target_skip_unavailable=False, cmake_clean_cache=False, cmake_clean_first=False, cmake_force_configure=False, ament_cmake_args=None, catkin_cmake_args=None, catkin_skip_building_tests=False, mixin_files=None, mixin=None, verb_parser=<colcon_mixin.mixin.mixin_argument.MixinArgumentDecorator object at 0x7a89b5d407a0>, verb_extension=<colcon_core.verb.build.BuildVerb object at 0x7a89b5ebe870>, main=<bound method BuildVerb.main of <colcon_core.verb.build.BuildVerb object at 0x7a89b5ebe870>>, mixin_verb=('build',))
[0.146s] Level 1:colcon.colcon_core.package_discovery:discover_packages(colcon_meta) check parameters
[0.146s] INFO:colcon.colcon_metadata.package_discovery.colcon_meta:Using configuration from '/root/.colcon/metadata/default/Gazebo.meta'
[0.146s] INFO:colcon.colcon_metadata.package_discovery.colcon_meta:Using configuration from '/root/.colcon/metadata/default/fastdds.meta'
[0.147s] INFO:colcon.colcon_metadata.package_discovery.colcon_meta:Using configuration from '/root/.colcon/metadata/default/fastrtps.meta'
[0.147s] Level 1:colcon.colcon_core.package_discovery:discover_packages(recursive) check parameters
[0.147s] Level 1:colcon.colcon_core.package_discovery:discover_packages(ignore) check parameters
[0.147s] Level 1:colcon.colcon_core.package_discovery:discover_packages(path) check parameters
[0.147s] Level 1:colcon.colcon_core.package_discovery:discover_packages(colcon_meta) discover
[0.147s] Level 1:colcon.colcon_core.package_discovery:discover_packages(recursive) discover
[0.147s] INFO:colcon.colcon_core.package_discovery:Crawling recursively for packages in '/robots_HW/TASK_4'
[0.147s] Level 1:colcon.colcon_core.package_identification:_identify(.) by extensions ['ignore', 'ignore_ament_install']
[0.147s] Level 1:colcon.colcon_core.package_identification:_identify(.) by extension 'ignore'
[0.147s] Level 1:colcon.colcon_core.package_identification:_identify(.) by extension 'ignore_ament_install'
[0.147s] Level 1:colcon.colcon_core.package_identification:_identify(.) by extensions ['colcon_pkg']
[0.147s] Level 1:colcon.colcon_core.package_identification:_identify(.) by extension 'colcon_pkg'
[0.147s] Level 1:colcon.colcon_core.package_identification:_identify(.) by extensions ['colcon_meta']
[0.147s] Level 1:colcon.colcon_core.package_identification:_identify(.) by extension 'colcon_meta'
[0.147s] Level 1:colcon.colcon_core.package_identification:_identify(.) by extensions ['ros']
[0.147s] Level 1:colcon.colcon_core.package_identification:_identify(.) by extension 'ros'
[0.170s] Level 1:colcon.colcon_core.package_identification:_identify(.) by extensions ['cmake', 'python']
[0.170s] Level 1:colcon.colcon_core.package_identification:_identify(.) by extension 'cmake'
[0.170s] Level 1:colcon.colcon_core.package_identification:_identify(.) by extension 'python'
[0.170s] Level 1:colcon.colcon_core.package_identification:_identify(.) by extensions ['python_setup_py']
[0.170s] Level 1:colcon.colcon_core.package_identification:_identify(.) by extension 'python_setup_py'
[0.170s] Level 1:colcon.colcon_core.package_identification:_identify(build) by extensions ['ignore', 'ignore_ament_install']
[0.171s] Level 1:colcon.colcon_core.package_identification:_identify(build) by extension 'ignore'
[0.171s] Level 1:colcon.colcon_core.package_identification:_identify(build) ignored
[0.171s] Level 1:colcon.colcon_core.package_identification:_identify(install) by extensions ['ignore', 'ignore_ament_install']
[0.171s] Level 1:colcon.colcon_core.package_identification:_identify(install) by extension 'ignore'
[0.171s] Level 1:colcon.colcon_core.package_identification:_identify(install) ignored
[0.171s] Level 1:colcon.colcon_core.package_identification:_identify(log) by extensions ['ignore', 'ignore_ament_install']
[0.171s] Level 1:colcon.colcon_core.package_identification:_identify(log) by extension 'ignore'
[0.171s] Level 1:colcon.colcon_core.package_identification:_identify(log) ignored
[0.171s] Level 1:colcon.colcon_core.package_identification:_identify(my_robot_pkg) by extensions ['ignore', 'ignore_ament_install']
[0.171s] Level 1:colcon.colcon_core.package_identification:_identify(my_robot_pkg) by extension 'ignore'
[0.171s] Level 1:colcon.colcon_core.package_identification:_identify(my_robot_pkg) by extension 'ignore_ament_install'
[0.171s] Level 1:colcon.colcon_core.package_identification:_identify(my_robot_pkg) by extensions ['colcon_pkg']
[0.171s] Level 1:colcon.colcon_core.package_identification:_identify(my_robot_pkg) by extension 'colcon_pkg'
[0.171s] Level 1:colcon.colcon_core.package_identification:_identify(my_robot_pkg) by extensions ['colcon_meta']
[0.171s] Level 1:colcon.colcon_core.package_identification:_identify(my_robot_pkg) by extension 'colcon_meta'
[0.171s] Level 1:colcon.colcon_core.package_identification:_identify(my_robot_pkg) by extensions ['ros']
[0.171s] Level 1:colcon.colcon_core.package_identification:_identify(my_robot_pkg) by extension 'ros'
[0.173s] DEBUG:colcon.colcon_core.package_identification:Package 'my_robot_pkg' with type 'ros.ament_cmake' and name 'task_4'
[0.174s] Level 1:colcon.colcon_core.package_discovery:discover_packages(recursive) using defaults
[0.174s] Level 1:colcon.colcon_core.package_discovery:discover_packages(ignore) discover
[0.174s] Level 1:colcon.colcon_core.package_discovery:discover_packages(ignore) using defaults
[0.174s] Level 1:colcon.colcon_core.package_discovery:discover_packages(path) discover
[0.174s] Level 1:colcon.colcon_core.package_discovery:discover_packages(path) using defaults
[0.189s] Level 5:colcon.colcon_core.verb:set package 'task_4' build argument 'cmake_args' from command line to 'None'
[0.189s] Level 5:colcon.colcon_core.verb:set package 'task_4' build argument 'cmake_target' from command line to 'None'
[0.189s] Level 5:colcon.colcon_core.verb:set package 'task_4' build argument 'cmake_target_skip_unavailable' from command line to 'False'
[0.189s] Level 5:colcon.colcon_core.verb:set package 'task_4' build argument 'cmake_clean_cache' from command line to 'False'
[0.189s] Level 5:colcon.colcon_core.verb:set package 'task_4' build argument 'cmake_clean_first' from command line to 'False'
[0.189s] Level 5:colcon.colcon_core.verb:set package 'task_4' build argument 'cmake_force_configure' from command line to 'False'
[0.189s] Level 5:colcon.colcon_core.verb:set package 'task_4' build argument 'ament_cmake_args' from command line to 'None'
[0.189s] Level 5:colcon.colcon_core.verb:set package 'task_4' build argument 'catkin_cmake_args' from command line to 'None'
[0.189s] Level 5:colcon.colcon_core.verb:set package 'task_4' build argument 'catkin_skip_building_tests' from command line to 'False'
[0.189s] DEBUG:colcon.colcon_core.verb:Building package 'task_4' with the following arguments: {'ament_cmake_args': None, 'build_base': '/robots_HW/TASK_4/build/task_4', 'catkin_cmake_args': None, 'catkin_skip_building_tests': False, 'cmake_args': None, 'cmake_clean_cache': False, 'cmake_clean_first': False, 'cmake_force_configure': False, 'cmake_target': None, 'cmake_target_skip_unavailable': False, 'install_base': '/robots_HW/TASK_4/install/task_4', 'merge_install': False, 'path': '/robots_HW/TASK_4/my_robot_pkg', 'symlink_install': False, 'test_result_base': None}
[0.189s] INFO:colcon.colcon_core.executor:Executing jobs using 'parallel' executor
[0.190s] DEBUG:colcon.colcon_parallel_executor.executor.parallel:run_until_complete
[0.190s] INFO:colcon.colcon_ros.task.ament_cmake.build:Building ROS package in '/robots_HW/TASK_4/my_robot_pkg' with build type 'ament_cmake'
[0.191s] INFO:colcon.colcon_cmake.task.cmake.build:Building CMake package in '/robots_HW/TASK_4/my_robot_pkg'
[0.193s] INFO:colcon.colcon_core.plugin_system:Skipping extension 'colcon_core.shell.bat': Not used on non-Windows systems
[0.193s] INFO:colcon.colcon_core.shell:Skip shell extension 'powershell' for command environment: Not usable outside of PowerShell
[0.193s] DEBUG:colcon.colcon_core.shell:Skip shell extension 'dsv' for command environment
[0.204s] DEBUG:colcon.colcon_core.event_handler.log_command:Invoking command in '/robots_HW/TASK_4/build/task_4': CMAKE_PREFIX_PATH=${CMAKE_PREFIX_PATH}:/opt/ros/jazzy /usr/bin/cmake --build /robots_HW/TASK_4/build/task_4 -- -j12 -l12
[0.246s] DEBUG:colcon.colcon_core.event_handler.log_command:Invoked command in '/robots_HW/TASK_4/build/task_4' returned '0': CMAKE_PREFIX_PATH=${CMAKE_PREFIX_PATH}:/opt/ros/jazzy /usr/bin/cmake --build /robots_HW/TASK_4/build/task_4 -- -j12 -l12
[0.256s] DEBUG:colcon.colcon_core.event_handler.log_command:Invoking command in '/robots_HW/TASK_4/build/task_4': CMAKE_PREFIX_PATH=${CMAKE_PREFIX_PATH}:/opt/ros/jazzy /usr/bin/cmake --install /robots_HW/TASK_4/build/task_4
[0.268s] Level 1:colcon.colcon_core.environment:create_environment_scripts_only(task_4)
[0.269s] DEBUG:colcon.colcon_core.event_handler.log_command:Invoked command in '/robots_HW/TASK_4/build/task_4' returned '0': CMAKE_PREFIX_PATH=${CMAKE_PREFIX_PATH}:/opt/ros/jazzy /usr/bin/cmake --install /robots_HW/TASK_4/build/task_4
[0.271s] Level 1:colcon.colcon_core.environment:checking '/robots_HW/TASK_4/install/task_4' for CMake module files
[0.272s] Level 1:colcon.colcon_core.environment:checking '/robots_HW/TASK_4/install/task_4' for CMake config files
[0.272s] Level 1:colcon.colcon_core.shell:create_environment_hook('task_4', 'cmake_prefix_path')
[0.272s] INFO:colcon.colcon_core.shell:Creating environment hook '/robots_HW/TASK_4/install/task_4/share/task_4/hook/cmake_prefix_path.ps1'
[0.273s] INFO:colcon.colcon_core.shell:Creating environment descriptor '/robots_HW/TASK_4/install/task_4/share/task_4/hook/cmake_prefix_path.dsv'
[0.273s] INFO:colcon.colcon_core.shell:Creating environment hook '/robots_HW/TASK_4/install/task_4/share/task_4/hook/cmake_prefix_path.sh'
[0.274s] Level 1:colcon.colcon_core.environment:checking '/robots_HW/TASK_4/install/task_4/lib'
[0.274s] Level 1:colcon.colcon_core.environment:checking '/robots_HW/TASK_4/install/task_4/bin'
[0.274s] Level 1:colcon.colcon_core.environment:checking '/robots_HW/TASK_4/install/task_4/lib/pkgconfig/task_4.pc'
[0.276s] Level 1:colcon.colcon_core.environment:checking '/robots_HW/TASK_4/install/task_4/lib/python3.12/site-packages'
[0.276s] Level 1:colcon.colcon_core.environment:checking '/robots_HW/TASK_4/install/task_4/bin'
[0.276s] INFO:colcon.colcon_core.shell:Creating package script '/robots_HW/TASK_4/install/task_4/share/task_4/package.ps1'
[0.277s] INFO:colcon.colcon_core.shell:Creating package descriptor '/robots_HW/TASK_4/install/task_4/share/task_4/package.dsv'
[0.277s] INFO:colcon.colcon_core.shell:Creating package script '/robots_HW/TASK_4/install/task_4/share/task_4/package.sh'
[0.278s] INFO:colcon.colcon_core.shell:Creating package script '/robots_HW/TASK_4/install/task_4/share/task_4/package.bash'
[0.278s] INFO:colcon.colcon_core.shell:Creating package script '/robots_HW/TASK_4/install/task_4/share/task_4/package.zsh'
[0.279s] Level 1:colcon.colcon_core.environment:create_file_with_runtime_dependencies(/robots_HW/TASK_4/install/task_4/share/colcon-core/packages/task_4)
[0.279s] Level 1:colcon.colcon_core.environment:create_environment_scripts_only(task_4)
[0.280s] Level 1:colcon.colcon_core.environment:checking '/robots_HW/TASK_4/install/task_4' for CMake module files
[0.280s] Level 1:colcon.colcon_core.environment:checking '/robots_HW/TASK_4/install/task_4' for CMake config files
[0.280s] Level 1:colcon.colcon_core.shell:create_environment_hook('task_4', 'cmake_prefix_path')
[0.280s] INFO:colcon.colcon_core.shell:Creating environment hook '/robots_HW/TASK_4/install/task_4/share/task_4/hook/cmake_prefix_path.ps1'
[0.281s] INFO:colcon.colcon_core.shell:Creating environment descriptor '/robots_HW/TASK_4/install/task_4/share/task_4/hook/cmake_prefix_path.dsv'
[0.281s] INFO:colcon.colcon_core.shell:Creating environment hook '/robots_HW/TASK_4/install/task_4/share/task_4/hook/cmake_prefix_path.sh'
[0.281s] Level 1:colcon.colcon_core.environment:checking '/robots_HW/TASK_4/install/task_4/lib'
[0.282s] Level 1:colcon.colcon_core.environment:checking '/robots_HW/TASK_4/install/task_4/bin'
[0.282s] Level 1:colcon.colcon_core.environment:checking '/robots_HW/TASK_4/install/task_4/lib/pkgconfig/task_4.pc'
[0.282s] Level 1:colcon.colcon_core.environment:checking '/robots_HW/TASK_4/install/task_4/lib/python3.12/site-packages'
[0.282s] Level 1:colcon.colcon_core.environment:checking '/robots_HW/TASK_4/install/task_4/bin'
[0.282s] INFO:colcon.colcon_core.shell:Creating package script '/robots_HW/TASK_4/install/task_4/share/task_4/package.ps1'
[0.283s] INFO:colcon.colcon_core.shell:Creating package descriptor '/robots_HW/TASK_4/install/task_4/share/task_4/package.dsv'
[0.283s] INFO:colcon.colcon_core.shell:Creating package script '/robots_HW/TASK_4/install/task_4/share/task_4/package.sh'
[0.283s] INFO:colcon.colcon_core.shell:Creating package script '/robots_HW/TASK_4/install/task_4/share/task_4/package.bash'
[0.284s] INFO:colcon.colcon_core.shell:Creating package script '/robots_HW/TASK_4/install/task_4/share/task_4/package.zsh'
[0.284s] Level 1:colcon.colcon_core.environment:create_file_with_runtime_dependencies(/robots_HW/TASK_4/install/task_4/share/colcon-core/packages/task_4)
[0.284s] DEBUG:colcon.colcon_parallel_executor.executor.parallel:closing loop
[0.285s] DEBUG:colcon.colcon_parallel_executor.executor.parallel:loop closed
[0.285s] DEBUG:colcon.colcon_parallel_executor.executor.parallel:run_until_complete finished with '0'
[0.285s] DEBUG:colcon.colcon_core.event_reactor:joining thread
[0.291s] INFO:colcon.colcon_core.plugin_system:Skipping extension 'colcon_notification.desktop_notification.notify_send': Could not find 'notify-send'
[0.291s] INFO:colcon.colcon_core.plugin_system:Skipping extension 'colcon_notification.desktop_notification.terminal_notifier': Not used on non-Darwin systems
[0.291s] INFO:colcon.colcon_core.plugin_system:Skipping extension 'colcon_notification.desktop_notification.win32': Not used on non-Windows systems
[0.291s] INFO:colcon.colcon_notification.desktop_notification:Sending desktop notification using 'notify2'
[0.293s] DEBUG:colcon.colcon_notification.desktop_notification.notify2:Failed to initialize notify2: org.freedesktop.DBus.Error.Spawn.ExecFailed: /usr/bin/dbus-launch terminated abnormally without any error message
[0.293s] DEBUG:colcon.colcon_core.event_reactor:joined thread
[0.294s] INFO:colcon.colcon_core.shell:Creating prefix script '/robots_HW/TASK_4/install/local_setup.ps1'
[0.295s] INFO:colcon.colcon_core.shell:Creating prefix util module '/robots_HW/TASK_4/install/_local_setup_util_ps1.py'
[0.296s] INFO:colcon.colcon_core.shell:Creating prefix chain script '/robots_HW/TASK_4/install/setup.ps1'
[0.297s] INFO:colcon.colcon_core.shell:Creating prefix script '/robots_HW/TASK_4/install/local_setup.sh'
[0.297s] INFO:colcon.colcon_core.shell:Creating prefix util module '/robots_HW/TASK_4/install/_local_setup_util_sh.py'
[0.298s] INFO:colcon.colcon_core.shell:Creating prefix chain script '/robots_HW/TASK_4/install/setup.sh'
[0.299s] INFO:colcon.colcon_core.shell:Creating prefix script '/robots_HW/TASK_4/install/local_setup.bash'
[0.299s] INFO:colcon.colcon_core.shell:Creating prefix chain script '/robots_HW/TASK_4/install/setup.bash'
[0.300s] INFO:colcon.colcon_core.shell:Creating prefix script '/robots_HW/TASK_4/install/local_setup.zsh'
[0.301s] INFO:colcon.colcon_core.shell:Creating prefix chain script '/robots_HW/TASK_4/install/setup.zsh'
