[0.213s] DEBUG:colcon:Command line arguments: ['/usr/bin/colcon', 'build']
[0.213s] DEBUG:colcon:Parsed command line arguments: Namespace(log_base=None, log_level=None, verb_name='build', build_base='build', install_base='install', merge_install=False, symlink_install=False, test_result_base=None, continue_on_error=False, executor='parallel', parallel_workers=12, event_handlers=None, ignore_user_meta=False, metas=['./colcon.meta'], base_paths=['.'], packages_ignore=None, packages_ignore_regex=None, paths=None, packages_up_to=None, packages_up_to_regex=None, packages_above=None, packages_above_and_dependencies=None, packages_above_depth=None, packages_select_by_dep=None, packages_skip_by_dep=None, packages_skip_up_to=None, packages_select_build_failed=False, packages_skip_build_finished=False, packages_select_test_failures=False, packages_skip_test_passed=False, packages_select=None, packages_skip=None, packages_select_regex=None, packages_skip_regex=None, packages_start=None, packages_end=None, cmake_args=None, cmake_target=None, cmake_target_skip_unavailable=False, cmake_clean_cache=False, cmake_clean_first=False, cmake_force_configure=False, ament_cmake_args=None, catkin_cmake_args=None, catkin_skip_building_tests=False, mixin_files=None, mixin=None, verb_parser=<colcon_mixin.mixin.mixin_argument.MixinArgumentDecorator object at 0x7f8ac4aa6060>, verb_extension=<colcon_core.verb.build.BuildVerb object at 0x7f8ac4c53e00>, main=<bound method BuildVerb.main of <colcon_core.verb.build.BuildVerb object at 0x7f8ac4c53e00>>, mixin_verb=('build',))
[0.281s] Level 1:colcon.colcon_core.package_discovery:discover_packages(colcon_meta) check parameters
[0.282s] INFO:colcon.colcon_metadata.package_discovery.colcon_meta:Using configuration from '/root/.colcon/metadata/default/Gazebo.meta'
[0.283s] INFO:colcon.colcon_metadata.package_discovery.colcon_meta:Using configuration from '/root/.colcon/metadata/default/fastdds.meta'
[0.284s] INFO:colcon.colcon_metadata.package_discovery.colcon_meta:Using configuration from '/root/.colcon/metadata/default/fastrtps.meta'
[0.284s] Level 1:colcon.colcon_core.package_discovery:discover_packages(recursive) check parameters
[0.284s] Level 1:colcon.colcon_core.package_discovery:discover_packages(ignore) check parameters
[0.284s] Level 1:colcon.colcon_core.package_discovery:discover_packages(path) check parameters
[0.284s] Level 1:colcon.colcon_core.package_discovery:discover_packages(colcon_meta) discover
[0.284s] Level 1:colcon.colcon_core.package_discovery:discover_packages(recursive) discover
[0.284s] INFO:colcon.colcon_core.package_discovery:Crawling recursively for packages in '/robots_HW/TASK_7/gazebo_controller_pkg'
[0.284s] Level 1:colcon.colcon_core.package_identification:_identify(.) by extensions ['ignore', 'ignore_ament_install']
[0.284s] Level 1:colcon.colcon_core.package_identification:_identify(.) by extension 'ignore'
[0.284s] Level 1:colcon.colcon_core.package_identification:_identify(.) by extension 'ignore_ament_install'
[0.286s] Level 1:colcon.colcon_core.package_identification:_identify(.) by extensions ['colcon_pkg']
[0.286s] Level 1:colcon.colcon_core.package_identification:_identify(.) by extension 'colcon_pkg'
[0.286s] Level 1:colcon.colcon_core.package_identification:_identify(.) by extensions ['colcon_meta']
[0.286s] Level 1:colcon.colcon_core.package_identification:_identify(.) by extension 'colcon_meta'
[0.287s] Level 1:colcon.colcon_core.package_identification:_identify(.) by extensions ['ros']
[0.287s] Level 1:colcon.colcon_core.package_identification:_identify(.) by extension 'ros'
[0.366s] DEBUG:colcon.colcon_core.package_identification:Package '.' with type 'ros.ament_cmake' and name 'gazebo_controller_pkg'
[0.366s] Level 1:colcon.colcon_core.package_discovery:discover_packages(recursive) using defaults
[0.366s] Level 1:colcon.colcon_core.package_discovery:discover_packages(ignore) discover
[0.366s] Level 1:colcon.colcon_core.package_discovery:discover_packages(ignore) using defaults
[0.366s] Level 1:colcon.colcon_core.package_discovery:discover_packages(path) discover
[0.366s] Level 1:colcon.colcon_core.package_discovery:discover_packages(path) using defaults
[0.409s] Level 5:colcon.colcon_core.verb:set package 'gazebo_controller_pkg' build argument 'cmake_args' from command line to 'None'
[0.409s] Level 5:colcon.colcon_core.verb:set package 'gazebo_controller_pkg' build argument 'cmake_target' from command line to 'None'
[0.409s] Level 5:colcon.colcon_core.verb:set package 'gazebo_controller_pkg' build argument 'cmake_target_skip_unavailable' from command line to 'False'
[0.409s] Level 5:colcon.colcon_core.verb:set package 'gazebo_controller_pkg' build argument 'cmake_clean_cache' from command line to 'False'
[0.409s] Level 5:colcon.colcon_core.verb:set package 'gazebo_controller_pkg' build argument 'cmake_clean_first' from command line to 'False'
[0.409s] Level 5:colcon.colcon_core.verb:set package 'gazebo_controller_pkg' build argument 'cmake_force_configure' from command line to 'False'
[0.409s] Level 5:colcon.colcon_core.verb:set package 'gazebo_controller_pkg' build argument 'ament_cmake_args' from command line to 'None'
[0.409s] Level 5:colcon.colcon_core.verb:set package 'gazebo_controller_pkg' build argument 'catkin_cmake_args' from command line to 'None'
[0.410s] Level 5:colcon.colcon_core.verb:set package 'gazebo_controller_pkg' build argument 'catkin_skip_building_tests' from command line to 'False'
[0.410s] DEBUG:colcon.colcon_core.verb:Building package 'gazebo_controller_pkg' with the following arguments: {'ament_cmake_args': None, 'build_base': '/robots_HW/TASK_7/gazebo_controller_pkg/build/gazebo_controller_pkg', 'catkin_cmake_args': None, 'catkin_skip_building_tests': False, 'cmake_args': None, 'cmake_clean_cache': False, 'cmake_clean_first': False, 'cmake_force_configure': False, 'cmake_target': None, 'cmake_target_skip_unavailable': False, 'install_base': '/robots_HW/TASK_7/gazebo_controller_pkg/install/gazebo_controller_pkg', 'merge_install': False, 'path': '/robots_HW/TASK_7/gazebo_controller_pkg', 'symlink_install': False, 'test_result_base': None}
[0.410s] INFO:colcon.colcon_core.executor:Executing jobs using 'parallel' executor
[0.412s] DEBUG:colcon.colcon_parallel_executor.executor.parallel:run_until_complete
[0.412s] INFO:colcon.colcon_ros.task.ament_cmake.build:Building ROS package in '/robots_HW/TASK_7/gazebo_controller_pkg' with build type 'ament_cmake'
[0.412s] INFO:colcon.colcon_cmake.task.cmake.build:Building CMake package in '/robots_HW/TASK_7/gazebo_controller_pkg'
[0.416s] INFO:colcon.colcon_core.plugin_system:Skipping extension 'colcon_core.shell.bat': Not used on non-Windows systems
[0.416s] INFO:colcon.colcon_core.shell:Skip shell extension 'powershell' for command environment: Not usable outside of PowerShell
[0.416s] DEBUG:colcon.colcon_core.shell:Skip shell extension 'dsv' for command environment
[0.447s] DEBUG:colcon.colcon_core.event_handler.log_command:Invoking command in '/robots_HW/TASK_7/gazebo_controller_pkg/build/gazebo_controller_pkg': CMAKE_PREFIX_PATH=${CMAKE_PREFIX_PATH}:/opt/ros/jazzy /usr/bin/cmake /robots_HW/TASK_7/gazebo_controller_pkg -DCMAKE_INSTALL_PREFIX=/robots_HW/TASK_7/gazebo_controller_pkg/install/gazebo_controller_pkg
[3.151s] DEBUG:colcon.colcon_core.event_handler.log_command:Invoked command in '/robots_HW/TASK_7/gazebo_controller_pkg/build/gazebo_controller_pkg' returned '0': CMAKE_PREFIX_PATH=${CMAKE_PREFIX_PATH}:/opt/ros/jazzy /usr/bin/cmake /robots_HW/TASK_7/gazebo_controller_pkg -DCMAKE_INSTALL_PREFIX=/robots_HW/TASK_7/gazebo_controller_pkg/install/gazebo_controller_pkg
[3.156s] DEBUG:colcon.colcon_core.event_handler.log_command:Invoking command in '/robots_HW/TASK_7/gazebo_controller_pkg/build/gazebo_controller_pkg': CMAKE_PREFIX_PATH=${CMAKE_PREFIX_PATH}:/opt/ros/jazzy /usr/bin/cmake --build /robots_HW/TASK_7/gazebo_controller_pkg/build/gazebo_controller_pkg -- -j12 -l12
[3.240s] DEBUG:colcon.colcon_core.event_handler.log_command:Invoked command in '/robots_HW/TASK_7/gazebo_controller_pkg/build/gazebo_controller_pkg' returned '0': CMAKE_PREFIX_PATH=${CMAKE_PREFIX_PATH}:/opt/ros/jazzy /usr/bin/cmake --build /robots_HW/TASK_7/gazebo_controller_pkg/build/gazebo_controller_pkg -- -j12 -l12
[3.256s] DEBUG:colcon.colcon_core.event_handler.log_command:Invoking command in '/robots_HW/TASK_7/gazebo_controller_pkg/build/gazebo_controller_pkg': CMAKE_PREFIX_PATH=${CMAKE_PREFIX_PATH}:/opt/ros/jazzy /usr/bin/cmake --install /robots_HW/TASK_7/gazebo_controller_pkg/build/gazebo_controller_pkg
[3.287s] Level 1:colcon.colcon_core.environment:create_environment_scripts_only(gazebo_controller_pkg)
[3.291s] Level 1:colcon.colcon_core.environment:checking '/robots_HW/TASK_7/gazebo_controller_pkg/install/gazebo_controller_pkg' for CMake module files
[3.292s] Level 1:colcon.colcon_core.environment:checking '/robots_HW/TASK_7/gazebo_controller_pkg/install/gazebo_controller_pkg' for CMake config files
[3.292s] Level 1:colcon.colcon_core.shell:create_environment_hook('gazebo_controller_pkg', 'cmake_prefix_path')
[3.288s] DEBUG:colcon.colcon_core.event_handler.log_command:Invoked command in '/robots_HW/TASK_7/gazebo_controller_pkg/build/gazebo_controller_pkg' returned '0': CMAKE_PREFIX_PATH=${CMAKE_PREFIX_PATH}:/opt/ros/jazzy /usr/bin/cmake --install /robots_HW/TASK_7/gazebo_controller_pkg/build/gazebo_controller_pkg
[3.292s] INFO:colcon.colcon_core.shell:Creating environment hook '/robots_HW/TASK_7/gazebo_controller_pkg/install/gazebo_controller_pkg/share/gazebo_controller_pkg/hook/cmake_prefix_path.ps1'
[3.294s] INFO:colcon.colcon_core.shell:Creating environment descriptor '/robots_HW/TASK_7/gazebo_controller_pkg/install/gazebo_controller_pkg/share/gazebo_controller_pkg/hook/cmake_prefix_path.dsv'
[3.294s] INFO:colcon.colcon_core.shell:Creating environment hook '/robots_HW/TASK_7/gazebo_controller_pkg/install/gazebo_controller_pkg/share/gazebo_controller_pkg/hook/cmake_prefix_path.sh'
[3.295s] Level 1:colcon.colcon_core.environment:checking '/robots_HW/TASK_7/gazebo_controller_pkg/install/gazebo_controller_pkg/lib'
[3.296s] Level 1:colcon.colcon_core.environment:checking '/robots_HW/TASK_7/gazebo_controller_pkg/install/gazebo_controller_pkg/bin'
[3.296s] Level 1:colcon.colcon_core.environment:checking '/robots_HW/TASK_7/gazebo_controller_pkg/install/gazebo_controller_pkg/lib/pkgconfig/gazebo_controller_pkg.pc'
[3.298s] Level 1:colcon.colcon_core.environment:checking '/robots_HW/TASK_7/gazebo_controller_pkg/install/gazebo_controller_pkg/lib/python3.12/site-packages'
[3.299s] Level 1:colcon.colcon_core.environment:checking '/robots_HW/TASK_7/gazebo_controller_pkg/install/gazebo_controller_pkg/bin'
[3.299s] INFO:colcon.colcon_core.shell:Creating package script '/robots_HW/TASK_7/gazebo_controller_pkg/install/gazebo_controller_pkg/share/gazebo_controller_pkg/package.ps1'
[3.301s] INFO:colcon.colcon_core.shell:Creating package descriptor '/robots_HW/TASK_7/gazebo_controller_pkg/install/gazebo_controller_pkg/share/gazebo_controller_pkg/package.dsv'
[3.302s] INFO:colcon.colcon_core.shell:Creating package script '/robots_HW/TASK_7/gazebo_controller_pkg/install/gazebo_controller_pkg/share/gazebo_controller_pkg/package.sh'
[3.303s] INFO:colcon.colcon_core.shell:Creating package script '/robots_HW/TASK_7/gazebo_controller_pkg/install/gazebo_controller_pkg/share/gazebo_controller_pkg/package.bash'
[3.303s] INFO:colcon.colcon_core.shell:Creating package script '/robots_HW/TASK_7/gazebo_controller_pkg/install/gazebo_controller_pkg/share/gazebo_controller_pkg/package.zsh'
[3.304s] Level 1:colcon.colcon_core.environment:create_file_with_runtime_dependencies(/robots_HW/TASK_7/gazebo_controller_pkg/install/gazebo_controller_pkg/share/colcon-core/packages/gazebo_controller_pkg)
[3.305s] Level 1:colcon.colcon_core.environment:create_environment_scripts_only(gazebo_controller_pkg)
[3.305s] Level 1:colcon.colcon_core.environment:checking '/robots_HW/TASK_7/gazebo_controller_pkg/install/gazebo_controller_pkg' for CMake module files
[3.306s] Level 1:colcon.colcon_core.environment:checking '/robots_HW/TASK_7/gazebo_controller_pkg/install/gazebo_controller_pkg' for CMake config files
[3.306s] Level 1:colcon.colcon_core.shell:create_environment_hook('gazebo_controller_pkg', 'cmake_prefix_path')
[3.306s] INFO:colcon.colcon_core.shell:Creating environment hook '/robots_HW/TASK_7/gazebo_controller_pkg/install/gazebo_controller_pkg/share/gazebo_controller_pkg/hook/cmake_prefix_path.ps1'
[3.307s] INFO:colcon.colcon_core.shell:Creating environment descriptor '/robots_HW/TASK_7/gazebo_controller_pkg/install/gazebo_controller_pkg/share/gazebo_controller_pkg/hook/cmake_prefix_path.dsv'
[3.307s] INFO:colcon.colcon_core.shell:Creating environment hook '/robots_HW/TASK_7/gazebo_controller_pkg/install/gazebo_controller_pkg/share/gazebo_controller_pkg/hook/cmake_prefix_path.sh'
[3.307s] Level 1:colcon.colcon_core.environment:checking '/robots_HW/TASK_7/gazebo_controller_pkg/install/gazebo_controller_pkg/lib'
[3.307s] Level 1:colcon.colcon_core.environment:checking '/robots_HW/TASK_7/gazebo_controller_pkg/install/gazebo_controller_pkg/bin'
[3.308s] Level 1:colcon.colcon_core.environment:checking '/robots_HW/TASK_7/gazebo_controller_pkg/install/gazebo_controller_pkg/lib/pkgconfig/gazebo_controller_pkg.pc'
[3.308s] Level 1:colcon.colcon_core.environment:checking '/robots_HW/TASK_7/gazebo_controller_pkg/install/gazebo_controller_pkg/lib/python3.12/site-packages'
[3.308s] Level 1:colcon.colcon_core.environment:checking '/robots_HW/TASK_7/gazebo_controller_pkg/install/gazebo_controller_pkg/bin'
[3.308s] INFO:colcon.colcon_core.shell:Creating package script '/robots_HW/TASK_7/gazebo_controller_pkg/install/gazebo_controller_pkg/share/gazebo_controller_pkg/package.ps1'
[3.309s] INFO:colcon.colcon_core.shell:Creating package descriptor '/robots_HW/TASK_7/gazebo_controller_pkg/install/gazebo_controller_pkg/share/gazebo_controller_pkg/package.dsv'
[3.310s] INFO:colcon.colcon_core.shell:Creating package script '/robots_HW/TASK_7/gazebo_controller_pkg/install/gazebo_controller_pkg/share/gazebo_controller_pkg/package.sh'
[3.310s] INFO:colcon.colcon_core.shell:Creating package script '/robots_HW/TASK_7/gazebo_controller_pkg/install/gazebo_controller_pkg/share/gazebo_controller_pkg/package.bash'
[3.311s] INFO:colcon.colcon_core.shell:Creating package script '/robots_HW/TASK_7/gazebo_controller_pkg/install/gazebo_controller_pkg/share/gazebo_controller_pkg/package.zsh'
[3.311s] Level 1:colcon.colcon_core.environment:create_file_with_runtime_dependencies(/robots_HW/TASK_7/gazebo_controller_pkg/install/gazebo_controller_pkg/share/colcon-core/packages/gazebo_controller_pkg)
[3.312s] DEBUG:colcon.colcon_parallel_executor.executor.parallel:closing loop
[3.312s] DEBUG:colcon.colcon_parallel_executor.executor.parallel:loop closed
[3.312s] DEBUG:colcon.colcon_parallel_executor.executor.parallel:run_until_complete finished with '0'
[3.313s] DEBUG:colcon.colcon_core.event_reactor:joining thread
[3.323s] INFO:colcon.colcon_core.plugin_system:Skipping extension 'colcon_notification.desktop_notification.notify_send': Could not find 'notify-send'
[3.323s] INFO:colcon.colcon_core.plugin_system:Skipping extension 'colcon_notification.desktop_notification.terminal_notifier': Not used on non-Darwin systems
[3.323s] INFO:colcon.colcon_core.plugin_system:Skipping extension 'colcon_notification.desktop_notification.win32': Not used on non-Windows systems
[3.323s] INFO:colcon.colcon_notification.desktop_notification:Sending desktop notification using 'notify2'
[3.329s] DEBUG:colcon.colcon_notification.desktop_notification.notify2:Failed to initialize notify2: org.freedesktop.DBus.Error.Spawn.ExecFailed: /usr/bin/dbus-launch terminated abnormally without any error message
[3.332s] DEBUG:colcon.colcon_core.event_reactor:joined thread
[3.333s] INFO:colcon.colcon_core.shell:Creating prefix script '/robots_HW/TASK_7/gazebo_controller_pkg/install/local_setup.ps1'
[3.334s] INFO:colcon.colcon_core.shell:Creating prefix util module '/robots_HW/TASK_7/gazebo_controller_pkg/install/_local_setup_util_ps1.py'
[3.336s] INFO:colcon.colcon_core.shell:Creating prefix chain script '/robots_HW/TASK_7/gazebo_controller_pkg/install/setup.ps1'
[3.338s] INFO:colcon.colcon_core.shell:Creating prefix script '/robots_HW/TASK_7/gazebo_controller_pkg/install/local_setup.sh'
[3.339s] INFO:colcon.colcon_core.shell:Creating prefix util module '/robots_HW/TASK_7/gazebo_controller_pkg/install/_local_setup_util_sh.py'
[3.339s] INFO:colcon.colcon_core.shell:Creating prefix chain script '/robots_HW/TASK_7/gazebo_controller_pkg/install/setup.sh'
[3.341s] INFO:colcon.colcon_core.shell:Creating prefix script '/robots_HW/TASK_7/gazebo_controller_pkg/install/local_setup.bash'
[3.341s] INFO:colcon.colcon_core.shell:Creating prefix chain script '/robots_HW/TASK_7/gazebo_controller_pkg/install/setup.bash'
[3.343s] INFO:colcon.colcon_core.shell:Creating prefix script '/robots_HW/TASK_7/gazebo_controller_pkg/install/local_setup.zsh'
[3.343s] INFO:colcon.colcon_core.shell:Creating prefix chain script '/robots_HW/TASK_7/gazebo_controller_pkg/install/setup.zsh'
